<?xml version="1.0" encoding="UTF-8"?>
<!-- Generated by org.testng.reporters.JUnitReportReporter -->
<testsuite hostname="user1" failures="0" tests="1" name="project_2.Title" time="34.816" errors="0" timestamp="2023-02-25T12:40:27 IST" skipped="0">
  <testcase classname="project_2.Title" name="title" time="34.816"/>
  <system-out/>
</testsuite> <!-- project_2.Title -->
