<?xml version="1.0" encoding="UTF-8"?>
<!-- Generated by org.testng.reporters.JUnitReportReporter -->
<testsuite hostname="user1" failures="0" tests="1" name="project_2.Headername" time="13.316" errors="0" timestamp="2023-02-25T12:40:27 IST" skipped="0">
  <testcase classname="project_2.Headername" name="headerName" time="13.316"/>
  <system-out/>
</testsuite> <!-- project_2.Headername -->
